Watching for changes in /home/zx/blog/{archetypes,content,themes}
Watching for config changes in /home/zx/blog/hugo.toml
Start building sites … 
hugo v0.145.0-666444f0a52132f9fec9f71cf25b441cc6a4f355 linux/amd64 BuildDate=2025-02-26T15:41:25Z VendorInfo=gohugoio


                   | EN  
-------------------+-----
  Pages            | 16  
  Paginator pages  |  0  
  Non-page files   |  0  
  Static files     | 78  
  Processed images |  0  
  Aliases          |  2  
  Cleaned          |  0  

Built in 27 ms
Environment: "development"
Serving pages from disk
Running in Fast Render Mode. For full rebuilds on change: hugo server --disableFastRender
Web Server is available at http://localhost:1313/ (bind address 127.0.0.1) 
Press Ctrl+C to stop
Watching for changes in /home/zx/blog/{archetypes,content,themes}
Watching for config changes in /home/zx/blog/hugo.toml
Start building sites … 
hugo v0.145.0-666444f0a52132f9fec9f71cf25b441cc6a4f355 linux/amd64 BuildDate=2025-02-26T15:41:25Z VendorInfo=gohugoio


                   | EN  
-------------------+-----
  Pages            | 16  
  Paginator pages  |  0  
  Non-page files   |  0  
  Static files     | 78  
  Processed images |  0  
  Aliases          |  2  
  Cleaned          |  0  

Built in 24 ms
Environment: "development"
Serving pages from disk
Running in Fast Render Mode. For full rebuilds on change: hugo server --disableFastRender
Web Server is available at http://localhost:1313/ (bind address 0.0.0.0) 
Press Ctrl+C to stop

Change detected, rebuilding site (#1).
2025-04-04 04:10:33.098 +0000
Source changed /docs/学习/资源汇总.md
Web Server is available at http://localhost:1313/ (bind address 0.0.0.0)
Total in 11 ms

Change detected, rebuilding site (#2).
2025-04-04 04:17:30.598 +0000
Source changed /docs/学习/资源汇总.md
Web Server is available at http://localhost:1313/ (bind address 0.0.0.0)
Total in 18 ms
